
The following have been reloaded with a version change:
  1) FFTW/3.3.10-gompi-2021b => FFTW/3.3.10-GCC-11.3.0
  2) FlexiBLAS/3.0.4-GCC-11.2.0 => FlexiBLAS/3.2.0-GCC-11.3.0
  3) GCC/11.2.0 => GCC/11.3.0
  4) GCCcore/11.2.0 => GCCcore/11.3.0
  5) OpenBLAS/0.3.18-GCC-11.2.0 => OpenBLAS/0.3.20-GCC-11.3.0
  6) OpenMPI/4.1.1-GCC-11.2.0 => OpenMPI/4.1.4-GCC-11.3.0
  7) PMIx/4.1.0-GCCcore-11.2.0 => PMIx/4.1.2-GCCcore-11.3.0
  8) ScaLAPACK/2.1.0-gompi-2021b-fb => ScaLAPACK/2.2.0-gompi-2022a-fb
  9) UCX/1.11.2-GCCcore-11.2.0 => UCX/1.12.1-GCCcore-11.3.0
 10) XZ/5.2.5-GCCcore-11.2.0 => XZ/5.2.5-GCCcore-11.3.0
 11) binutils/2.37-GCCcore-11.2.0 => binutils/2.38-GCCcore-11.3.0
 12) foss/2021b => foss/2022a
 13) gompi/2021b => gompi/2022a
 14) hwloc/2.5.0-GCCcore-11.2.0 => hwloc/2.7.1-GCCcore-11.3.0
 15) libevent/2.1.12-GCCcore-11.2.0 => libevent/2.1.12-GCCcore-11.3.0
 16) libfabric/1.13.2-GCCcore-11.2.0 => libfabric/1.15.1-GCCcore-11.3.0
 17) libpciaccess/0.16-GCCcore-11.2.0 => libpciaccess/0.16-GCCcore-11.3.0
 18) libxml2/2.9.10-GCCcore-11.2.0 => libxml2/2.9.13-GCCcore-11.3.0
 19) numactl/2.0.14-GCCcore-11.2.0 => numactl/2.0.14-GCCcore-11.3.0
 20) zlib/1.2.11-GCCcore-11.2.0 => zlib/1.2.12-GCCcore-11.3.0

Loading required package: coda
Linked to JAGS 4.3.0
Loaded modules: basemod,bugs

Attaching package: ‘jagsUI’

The following object is masked from ‘package:coda’:

    traceplot

Loading required package: nlme
This is mgcv 1.8-38. For overview type 'help("mgcv-package")'.
Warning message:
ggrepel: 59 unlabeled data points (too many overlaps). Consider increasing max.overlaps 
Warning message:
`expand_scale()` is deprecated; use `expansion()` instead. 
There were 50 or more warnings (use warnings() to see the first 50)
